Build started 11/5/2015 10:48:53 AM.
     1>Project "C:\Users\Z003EUNW\Documents\Visual Studio 2012\Projects\Win32Project1\GoogleMock\GoogleMock.vcxproj" on node 2 (Build target(s)).
     1>ClCompile:
         C:\Program Files (x86)\Microsoft Visual Studio 11.0\VC\bin\CL.exe /c /Zi /nologo /W3 /WX- /sdl /O2 /Oi /Oy- /GL /D WIN32 /D NDEBUG /D _WINDOWS /D _USRDLL /D GOOGLEMOCK_EXPORTS /D _VARIADIC_MAX=10 /D _WINDLL /D _UNICODE /D UNICODE /Gm- /EHsc /MD /GS /Gy /fp:precise /Zc:wchar_t /Zc:forScope /Fo"Release\\" /Fd"Release\vc110.pdb" /Gd /TP /analyze- /errorReport:prompt "D:\tdd\gmock-1.7.0\src\gmock-all.cc" "D:\tdd\gmock-1.7.0\src\gmock_main.cc"
         gmock-all.cc
         gmock_main.cc
         C:\Program Files (x86)\Microsoft Visual Studio 11.0\VC\bin\CL.exe /c /Zi /nologo /W3 /WX- /sdl /O2 /Oi /Oy- /GL /D WIN32 /D NDEBUG /D _WINDOWS /D _USRDLL /D GOOGLEMOCK_EXPORTS /D _VARIADIC_MAX=10 /D _WINDLL /D _UNICODE /D UNICODE /Gm- /EHsc /MD /GS /Gy /fp:precise /Zc:wchar_t /Zc:forScope /Fo"Release\\" /Fd"Release\vc110.pdb" /Gd /TP /analyze- /errorReport:prompt dllmain.cpp
         dllmain.cpp
       Link:
         C:\Program Files (x86)\Microsoft Visual Studio 11.0\VC\bin\link.exe /ERRORREPORT:PROMPT /OUT:"C:\Users\Z003EUNW\Documents\Visual Studio 2012\Projects\Win32Project1\Release\GoogleMock.dll" /INCREMENTAL:NO /NOLOGO kernel32.lib user32.lib gdi32.lib winspool.lib comdlg32.lib advapi32.lib shell32.lib ole32.lib oleaut32.lib uuid.lib odbc32.lib odbccp32.lib /MANIFEST /MANIFESTUAC:"level='asInvoker' uiAccess='false'" /manifest:embed /DEBUG /PDB:"C:\Users\Z003EUNW\Documents\Visual Studio 2012\Projects\Win32Project1\Release\GoogleMock.pdb" /SUBSYSTEM:WINDOWS /OPT:REF /OPT:ICF /LTCG /TLBID:1 /DYNAMICBASE /NXCOMPAT /IMPLIB:"C:\Users\Z003EUNW\Documents\Visual Studio 2012\Projects\Win32Project1\Release\GoogleMock.lib" /MACHINE:X86 /SAFESEH /DLL "Release\gmock-all.obj"
         Release\gmock_main.obj
         Release\dllmain.obj
         Release\stdafx.obj
     1>gmock-all.obj : error LNK2001: unresolved external symbol "public: class std::basic_string<char,struct std::char_traits<char>,class std::allocator<char> > __thiscall testing::Message::GetString(void)const " (?GetString@Message@testing@@QBE?AV?$basic_string@DU?$char_traits@D@std@@V?$allocator@D@2@@std@@XZ)
     1>gmock-all.obj : error LNK2001: unresolved external symbol "public: class testing::Message & __thiscall testing::Message::operator<<(wchar_t *)" (??6Message@testing@@QAEAAV01@PA_W@Z)
     1>gmock-all.obj : error LNK2001: unresolved external symbol "public: __thiscall testing::Message::Message(void)" (??0Message@testing@@QAE@XZ)
     1>gmock-all.obj : error LNK2001: unresolved external symbol "void __cdecl testing::InitGoogleTest(int *,char * *)" (?InitGoogleTest@testing@@YAXPAHPAPAD@Z)
     1>gmock-all.obj : error LNK2001: unresolved external symbol "void __cdecl testing::InitGoogleTest(int *,wchar_t * *)" (?InitGoogleTest@testing@@YAXPAHPAPA_W@Z)
     1>gmock-all.obj : error LNK2001: unresolved external symbol "class std::basic_string<char,struct std::char_traits<char>,class std::allocator<char> > __cdecl testing::internal::GetCurrentOsStackTraceExceptTop(class testing::UnitTest *,int)" (?GetCurrentOsStackTraceExceptTop@internal@testing@@YA?AV?$basic_string@DU?$char_traits@D@std@@V?$allocator@D@2@@std@@PAVUnitTest@2@H@Z)
     1>gmock-all.obj : error LNK2001: unresolved external symbol "public: void __thiscall testing::internal::AssertHelper::operator=(class testing::Message const &)const " (??4AssertHelper@internal@testing@@QBEXABVMessage@2@@Z)
     1>gmock-all.obj : error LNK2001: unresolved external symbol "public: __thiscall testing::internal::AssertHelper::~AssertHelper(void)" (??1AssertHelper@internal@testing@@QAE@XZ)
     1>gmock-all.obj : error LNK2001: unresolved external symbol "public: __thiscall testing::internal::AssertHelper::AssertHelper(enum testing::TestPartResult::Type,char const *,int,char const *)" (??0AssertHelper@internal@testing@@QAE@W4Type@TestPartResult@2@PBDH1@Z)
     1>gmock-all.obj : error LNK2001: unresolved external symbol "bool __cdecl testing::internal::IsTrue(bool)" (?IsTrue@internal@testing@@YA_N_N@Z)
     1>gmock-all.obj : error LNK2001: unresolved external symbol "void __cdecl testing::internal::PrintStringTo(class std::basic_string<char,struct std::char_traits<char>,class std::allocator<char> > const &,class std::basic_ostream<char,struct std::char_traits<char> > *)" (?PrintStringTo@internal@testing@@YAXABV?$basic_string@DU?$char_traits@D@std@@V?$allocator@D@2@@std@@PAV?$basic_ostream@DU?$char_traits@D@std@@@4@@Z)
     1>gmock-all.obj : error LNK2001: unresolved external symbol "class testing::internal::Mutex testing::internal::g_linked_ptr_mutex" (?g_linked_ptr_mutex@internal@testing@@3VMutex@12@A)
     1>gmock-all.obj : error LNK2001: unresolved external symbol "class std::basic_string<char,struct std::char_traits<char>,class std::allocator<char> > __cdecl testing::internal::FormatFileLocation(char const *,int)" (?FormatFileLocation@internal@testing@@YA?AV?$basic_string@DU?$char_traits@D@std@@V?$allocator@D@2@@std@@PBDH@Z)
     1>gmock-all.obj : error LNK2001: unresolved external symbol "public: __thiscall testing::internal::GTestLog::~GTestLog(void)" (??1GTestLog@internal@testing@@QAE@XZ)
     1>gmock-all.obj : error LNK2001: unresolved external symbol "public: __thiscall testing::internal::GTestLog::GTestLog(enum testing::internal::GTestLogSeverity,char const *,int)" (??0GTestLog@internal@testing@@QAE@W4GTestLogSeverity@12@PBDH@Z)
     1>gmock-all.obj : error LNK2001: unresolved external symbol "public: class testing::TestInfo const * __thiscall testing::UnitTest::current_test_info(void)const " (?current_test_info@UnitTest@testing@@QBEPBVTestInfo@2@XZ)
     1>gmock-all.obj : error LNK2001: unresolved external symbol "public: static class testing::UnitTest * __cdecl testing::UnitTest::GetInstance(void)" (?GetInstance@UnitTest@testing@@SAPAV12@XZ)
     1>gmock_main.obj : error LNK2001: unresolved external symbol "public: int __thiscall testing::UnitTest::Run(void)" (?Run@UnitTest@testing@@QAEHXZ)
     1>C:\Users\Z003EUNW\Documents\Visual Studio 2012\Projects\Win32Project1\Release\GoogleMock.dll : fatal error LNK1120: 18 unresolved externals
     1>Done Building Project "C:\Users\Z003EUNW\Documents\Visual Studio 2012\Projects\Win32Project1\GoogleMock\GoogleMock.vcxproj" (Build target(s)) -- FAILED.

Build FAILED.

Time Elapsed 00:00:08.10
